<?xml version="1.0" encoding="UTF-8"?>
<!-- Generated by org.testng.reporters.JUnitReportReporter -->
<testsuite hostname="rupesh-laptop" failures="0" tests="4" name="api.test.userTests" time="7.953" errors="0" timestamp="2024-09-24T12:35:32 IST" skipped="0">
  <testcase classname="api.test.userTests" name="CreateUserTest" time="3.798"/>
  <system-out/>
  <testcase classname="api.test.userTests" name="ReadUserTest" time="1.060"/>
  <system-out/>
  <testcase classname="api.test.userTests" name="UpdateUserTest" time="2.073"/>
  <system-out/>
  <testcase classname="api.test.userTests" name="DeleteUserTest" time="1.022"/>
  <system-out/>
</testsuite> <!-- api.test.userTests -->
