<?xml version="1.0" encoding="UTF-8"?>
<!-- Generated by org.testng.reporters.JUnitReportReporter -->
<testsuite hostname="rupesh-laptop" failures="0" tests="6" name="api.test.UserDDT" time="8.538" errors="0" timestamp="2024-04-24T19:11:57 IST" skipped="0">
  <testcase classname="api.test.UserDDT" name="createUserDDT" time="1.052"/>
  <testcase classname="api.test.UserDDT" name="createUserDDT" time="3.189"/>
  <testcase classname="api.test.UserDDT" name="createUserDDT" time="1.028"/>
  <testcase classname="api.test.UserDDT" name="deleteUserDDT" time="1.111"/>
  <testcase classname="api.test.UserDDT" name="deleteUserDDT" time="1.071"/>
  <testcase classname="api.test.UserDDT" name="deleteUserDDT" time="1.087"/>
</testsuite> <!-- api.test.UserDDT -->
