<?xml version="1.0" encoding="UTF-8"?>
<!-- Generated by org.testng.reporters.JUnitReportReporter -->
<testsuite hostname="rupesh-laptop" failures="0" tests="4" name="api.test.StoreTests" time="6.578" errors="0" timestamp="2024-04-25T19:30:56 IST" skipped="0">
  <testcase classname="api.test.StoreTests" name="createOrderTest" time="3.035"/>
  <testcase classname="api.test.StoreTests" name="getOrderListTest" time="1.324"/>
  <testcase classname="api.test.StoreTests" name="getOrderByIdTest" time="1.104"/>
  <testcase classname="api.test.StoreTests" name="deleteOrderTest" time="1.115"/>
</testsuite> <!-- api.test.StoreTests -->
